<?xml version="1.0" encoding="UTF-8"?>
<testsuite xmlns:xsi="http://www.w3.org/2001/XMLSchema-instance" xsi:noNamespaceSchemaLocation="https://maven.apache.org/surefire/maven-surefire-plugin/xsd/surefire-test-report-3.0.xsd" version="3.0" name="dk.sdu.mmmi.cbse.collisionsystem.CollisionDetectorTest" time="0.083" tests="1" errors="1" skipped="0" failures="0">
  <properties>
[...]
</properties>
  <testcase name="testProcess" classname="dk.sdu.mmmi.cbse.collisionsystem.CollisionDetectorTest" time="0.033">
    <error type="java.lang.NullPointerException"><![CDATA[java.lang.NullPointerException: Cannot invoke "dk.sdu.mmmi.cbse.common.data.Entity.getPart(java.lang.Class)" because "entity" is null
	at dk.sdu.mmmi.cbse.collisionsystem.CollisionDetectorTest.testCollides(CollisionDetectorTest.java:59)
	at dk.sdu.mmmi.cbse.collisionsystem.CollisionDetectorTest.testProcess(CollisionDetectorTest.java:46)
]]></error>
    <system-out><![CDATA[Collides
]]></system-out>
  </testcase>
</testsuite>